{"level":"info","message":"Example app listening at http://%s:%s"}
{"level":"info","message":"Successfully connected to the database"}
{
  level: 'info',
  message: 'Example app listening at http://%s:%s',
  timestamp: '2021-10-08T11:48:44.571Z'
}
{
  message: 'Successfully connected to the database',
  level: 'info',
  timestamp: '2021-10-08T11:48:44.610Z'
}
{
  level: 'info',
  message: 'Example app listening at http://%s:%s',
  timestamp: '2021-10-08T11:50:08.621Z'
}
{
  message: 'Successfully connected to the database',
  level: 'info',
  timestamp: '2021-10-08T11:50:08.658Z'
}
{
  level: 'info',
  message: 'Example app listening at http://%s:%s',
  timestamp: '2021-10-08T11:50:32.070Z'
}
{
  message: 'Successfully connected to the database',
  level: 'info',
  timestamp: '2021-10-08T11:50:32.107Z'
}
{
  level: 'info',
  message: 'Example app listening at http://%s:%s',
  timestamp: '2021-10-08T11:51:57.301Z'
}
{
  message: 'Could not connect to the database. Exiting now... getaddrinfo ENOTFOUND localhos',
  reason: TopologyDescription {
    type: 'Unknown',
    servers: Map(1) {
      'localhos:27017' => ServerDescription {
        _hostAddress: HostAddress { isIPv6: false, host: 'localhos', port: 27017 },
        address: 'localhos:27017',
        type: 'Unknown',
        hosts: [],
        passives: [],
        arbiters: [],
        tags: {},
        minWireVersion: 0,
        maxWireVersion: 0,
        roundTripTime: -1,
        lastUpdateTime: 380027054,
        lastWriteDate: 0,
        error: MongoNetworkError: getaddrinfo ENOTFOUND localhos
            at connectionFailureError (C:\Users\adithya.shenoy_ymedi\Desktop\node\Nodejs\easy-note\node_modules\mongodb\lib\cmap\connect.js:293:20)
            at Socket.<anonymous> (C:\Users\adithya.shenoy_ymedi\Desktop\node\Nodejs\easy-note\node_modules\mongodb\lib\cmap\connect.js:267:22)
            at Object.onceWrapper (events.js:520:26)
            at Socket.emit (events.js:400:28)
            at emitErrorNT (internal/streams/destroy.js:106:8)
            at emitErrorCloseNT (internal/streams/destroy.js:74:3)
            at processTicksAndRejections (internal/process/task_queues.js:82:21)
      }
    },
    stale: false,
    compatible: true,
    heartbeatFrequencyMS: 10000,
    localThresholdMS: 15,
    logicalSessionTimeoutMinutes: undefined
  },
  level: 'error',
  stack: 'MongooseServerSelectionError: getaddrinfo ENOTFOUND localhos\n' +
    '    at NativeConnection.Connection.openUri (C:\\Users\\adithya.shenoy_ymedi\\Desktop\\node\\Nodejs\\easy-note\\node_modules\\mongoose\\lib\\connection.js:796:32)\n' +
    '    at C:\\Users\\adithya.shenoy_ymedi\\Desktop\\node\\Nodejs\\easy-note\\node_modules\\mongoose\\lib\\index.js:329:10\n' +
    '    at C:\\Users\\adithya.shenoy_ymedi\\Desktop\\node\\Nodejs\\easy-note\\node_modules\\mongoose\\lib\\helpers\\promiseOrCallback.js:32:5\n' +
    '    at new Promise (<anonymous>)\n' +
    '    at promiseOrCallback (C:\\Users\\adithya.shenoy_ymedi\\Desktop\\node\\Nodejs\\easy-note\\node_modules\\mongoose\\lib\\helpers\\promiseOrCallback.js:31:10)\n' +
    '    at Mongoose._promiseOrCallback (C:\\Users\\adithya.shenoy_ymedi\\Desktop\\node\\Nodejs\\easy-note\\node_modules\\mongoose\\lib\\index.js:1150:10)\n' +
    '    at Mongoose.connect (C:\\Users\\adithya.shenoy_ymedi\\Desktop\\node\\Nodejs\\easy-note\\node_modules\\mongoose\\lib\\index.js:328:20)\n' +
    '    at dbConnect (C:\\Users\\adithya.shenoy_ymedi\\Desktop\\node\\Nodejs\\easy-note\\server.js:18:14)\n' +
    '    at Server.<anonymous> (C:\\Users\\adithya.shenoy_ymedi\\Desktop\\node\\Nodejs\\easy-note\\server.js:33:4)\n' +
    '    at Object.onceWrapper (events.js:519:28)',
  timestamp: '2021-10-08T11:52:27.357Z'
}
{
  level: 'info',
  message: 'Example app listening at http://%s:%s',
  timestamp: '2021-10-08T11:52:36.279Z'
}
{
  level: 'info',
  message: 'Example app listening at http://%s:%s',
  timestamp: '2021-10-08T11:52:46.952Z'
}
{
  level: 'info',
  message: 'Example app listening at http://%s:%s',
  timestamp: '2021-10-08T11:53:07.839Z'
}
{
  message: 'Successfully connected to the database',
  level: 'info',
  timestamp: '2021-10-08T11:53:07.888Z'
}
{
  level: 'info',
  message: 'Example app listening at http://%s:%s',
  timestamp: '2021-10-08T11:57:24.462Z'
}
{
  message: 'Successfully connected to the database',
  level: 'info',
  timestamp: '2021-10-08T11:57:24.510Z'
}
{
  level: 'info',
  message: 'Example app listening at http://%s:%s',
  timestamp: '2021-10-08T11:59:24.949Z'
}
{
  message: 'Successfully connected to the database',
  level: 'info',
  timestamp: '2021-10-08T11:59:25.001Z'
}
{
  level: 'info',
  message: 'Example app listening at http://%s:%s',
  timestamp: '2021-10-08T12:00:47.456Z'
}
{
  message: 'Successfully connected to the database',
  level: 'info',
  timestamp: '2021-10-08T12:00:47.498Z'
}
{
  level: 'info',
  message: 'Example app listening at http://%s:%s',
  timestamp: '2021-10-08T12:01:16.725Z'
}
{
  message: 'Successfully connected to the database',
  level: 'info',
  timestamp: '2021-10-08T12:01:16.767Z'
}
{
  level: 'info',
  message: 'Example app listening at http://%s:%s',
  timestamp: '2021-10-08T12:02:06.328Z'
}
{
  message: 'Successfully connected to the database',
  level: 'info',
  timestamp: '2021-10-08T12:02:06.370Z'
}
{
  level: 'info',
  message: 'Example app listening at http://%s:%s',
  timestamp: '2021-10-08T12:02:46.602Z'
}
{
  message: 'Successfully connected to the database',
  level: 'info',
  timestamp: '2021-10-08T12:02:46.652Z'
}
{
  level: 'info',
  message: 'Example app listening at http://%s:%s',
  timestamp: '2021-10-08T12:03:21.975Z'
}
{
  message: 'Successfully connected to the database',
  level: 'info',
  timestamp: '2021-10-08T12:03:22.053Z'
}
{
  level: 'info',
  message: 'Example app listening at http://%s:%s',
  timestamp: '2021-10-08T12:03:51.627Z'
}
{
  message: 'Successfully connected to the database',
  level: 'info',
  timestamp: '2021-10-08T12:03:51.667Z'
}
{
  level: 'info',
  message: 'Example app listening at http://%s:%s',
  timestamp: '2021-10-08T12:04:46.463Z'
}
{
  message: 'Successfully connected to the database',
  level: 'info',
  timestamp: '2021-10-08T12:04:46.517Z'
}
{
  level: 'info',
  message: 'Example app listening at http://%s:%s',
  timestamp: '2021-10-08T12:05:20.215Z'
}
{
  message: 'Successfully connected to the database',
  level: 'info',
  timestamp: '2021-10-08T12:05:20.255Z'
}
{
  level: 'info',
  message: 'Example app listening at http://%s:%s',
  timestamp: '2021-10-08T12:05:25.368Z'
}
{
  message: 'Successfully connected to the database',
  level: 'info',
  timestamp: '2021-10-08T12:05:25.416Z'
}
{
  level: 'info',
  message: 'Example app listening at http://%s:%s',
  timestamp: '2021-10-08T12:05:32.400Z'
}
{
  message: 'Successfully connected to the database',
  level: 'info',
  timestamp: '2021-10-08T12:05:32.449Z'
}
{
  level: 'info',
  message: 'Example app listening at http://%s:%s',
  timestamp: '2021-10-08T12:07:22.148Z'
}
{
  message: 'Successfully connected to the database',
  level: 'info',
  timestamp: '2021-10-08T12:07:22.198Z'
}
{
  level: 'info',
  message: 'Example app listening at http://%s:%s',
  timestamp: '2021-10-08T12:08:05.273Z'
}
{
  message: 'Successfully connected to the database',
  level: 'info',
  timestamp: '2021-10-08T12:08:05.316Z'
}
{
  level: 'info',
  message: 'Example app listening at http://%s:%s',
  timestamp: '2021-10-08T12:13:09.015Z'
}
{
  message: 'Successfully connected to the database',
  level: 'info',
  timestamp: '2021-10-08T12:13:09.054Z'
}
{
  level: 'info',
  message: 'Example app listening at http://%s:%s',
  timestamp: '2021-10-08T12:13:53.558Z'
}
{
  message: 'Successfully connected to the database',
  level: 'info',
  timestamp: '2021-10-08T12:13:53.597Z'
}
{
  message: {
    title: 'Fourth',
    content: 'heloo world',
    _id: new ObjectId("61603607fda6c0dbc9b0635f"),
    createdAt: 2021-10-08T12:13:59.181Z,
    updatedAt: 2021-10-08T12:13:59.181Z,
    __v: 0
  },
  level: 'info',
  timestamp: '2021-10-08T12:13:59.196Z'
}
{
  level: 'info',
  message: 'Example app listening at http://%s:%s',
  timestamp: '2021-10-08T12:14:14.489Z'
}
{
  message: 'Successfully connected to the database',
  level: 'info',
  timestamp: '2021-10-08T12:14:14.533Z'
}
{
  level: 'info',
  message: 'Example app listening at http://%s:%s',
  timestamp: '2021-10-08T12:14:53.587Z'
}
{
  message: 'Successfully connected to the database',
  level: 'info',
  timestamp: '2021-10-08T12:14:53.633Z'
}
{
  level: 'info',
  message: 'Example app listening at http://%s:%s',
  timestamp: '2021-10-08T12:15:11.452Z'
}
{
  message: 'Successfully connected to the database',
  level: 'info',
  timestamp: '2021-10-08T12:15:11.495Z'
}
{
  level: 'info',
  message: 'Example app listening at http://%s:%s',
  timestamp: '2021-10-08T12:16:05.237Z'
}
{
  message: 'Successfully connected to the database',
  level: 'info',
  timestamp: '2021-10-08T12:16:05.319Z'
}
{
  level: 'info',
  message: 'Example app listening at http://%s:%s',
  timestamp: '2021-10-11T03:25:02.011Z'
}
{
  message: 'Successfully connected to the database',
  level: 'info',
  timestamp: '2021-10-11T03:25:02.057Z'
}
{
  level: 'info',
  message: 'Example app listening at http://%s:%s',
  timestamp: '2021-10-11T03:25:32.814Z'
}
{
  message: 'Successfully connected to the database',
  level: 'info',
  timestamp: '2021-10-11T03:25:32.854Z'
}
{
  level: 'info',
  message: 'Example app listening at http://%s:%s',
  timestamp: '2021-10-11T03:30:32.819Z'
}
{
  message: 'Successfully connected to the database',
  level: 'info',
  timestamp: '2021-10-11T03:30:32.861Z'
}
{
  level: 'info',
  message: 'Example app listening at http://%s:%s',
  timestamp: '09:09:27'
}
{
  message: 'Successfully connected to the database',
  level: 'info',
  timestamp: '09:09:27'
}
{
  level: 'info',
  message: 'Example app listening at http://%s:%s',
  timestamp: '2021-10-11 09:12:38'
}
{
  message: 'Successfully connected to the database',
  level: 'info',
  timestamp: '2021-10-11 09:12:38'
}
{
  level: 'info',
  message: 'Example app listening at http://%s:%s',
  timestamp: '11-10-2021 09:13:15'
}
{
  message: 'Successfully connected to the database',
  level: 'info',
  timestamp: '11-10-2021 09:13:15'
}
{
  level: 'info',
  message: 'Example app listening at http://%s:%s',
  timestamp: '11amte = 11-10-2021, ti13e = 09:13:58'
}
{
  message: 'Successfully connected to the database',
  level: 'info',
  timestamp: '11amte = 11-10-2021, ti13e = 09:13:58'
}
{
  level: 'info',
  message: 'Example app listening at http://%s:%s',
  timestamp: '11-10-2021, 09:14:27'
}
{
  message: 'Successfully connected to the database',
  level: 'info',
  timestamp: '11-10-2021, 09:14:27'
}
{
  level: 'info',
  message: 'Example app listening at http://%s:%s',
  timestamp: '11-10-2021, 09:21:34'
}
{
  message: 'Successfully connected to the database',
  level: 'info',
  timestamp: '11-10-2021, 09:21:34'
}
{
  level: 'info',
  message: 'Example app listening at http://%s:%s',
  timestamp: '11-10-2021, 09:21:39'
}
{
  message: 'Successfully connected to the database',
  level: 'info',
  timestamp: '11-10-2021, 09:21:39'
}
{
  level: 'info',
  message: 'Example app listening at http://%s:%s',
  timestamp: '11-10-2021, 10:20:17'
}
{
  message: 'Successfully connected to the database',
  level: 'info',
  timestamp: '11-10-2021, 10:20:17'
}
{
  level: 'info',
  message: 'Example app listening at http://%s:%s',
  timestamp: '11-10-2021, 10:22:15'
}
{
  message: 'Successfully connected to the database',
  level: 'info',
  timestamp: '11-10-2021, 10:22:15'
}
{
  level: 'info',
  message: 'Example app listening at http://%s:%s',
  timestamp: '11-10-2021, 10:23:31'
}
{
  message: 'Successfully connected to the database',
  level: 'info',
  timestamp: '11-10-2021, 10:23:31'
}
{
  level: 'info',
  message: 'Example app listening at http://%s:%s',
  timestamp: '11-10-2021, 10:25:21'
}
{
  message: 'Successfully connected to the database',
  level: 'info',
  timestamp: '11-10-2021, 10:25:21'
}
{
  level: 'info',
  message: 'Example app listening at http://%s:%s',
  timestamp: '11-10-2021, 10:25:38'
}
{
  message: 'Successfully connected to the database',
  level: 'info',
  timestamp: '11-10-2021, 10:25:38'
}
{
  level: 'info',
  message: 'Example app listening at http://%s:%s',
  timestamp: '11-10-2021, 10:28:12'
}
{
  message: 'Successfully connected to the database',
  level: 'info',
  timestamp: '11-10-2021, 10:28:13'
}
{
  level: 'info',
  message: 'Example app listening at http://%s:%s',
  timestamp: '11-10-2021, 10:29:34'
}
{
  message: 'Successfully connected to the database',
  level: 'info',
  timestamp: '11-10-2021, 10:29:34'
}
{
  level: 'info',
  message: 'Example app listening at http://%s:%s',
  timestamp: '11-10-2021, 10:30:27'
}
{
  message: 'Successfully connected to the database',
  level: 'info',
  timestamp: '11-10-2021, 10:30:27'
}
{
  level: 'info',
  message: 'Example app listening at http://%s:%s',
  timestamp: '11-10-2021, 10:31:09'
}
{
  message: 'Successfully connected to the database',
  level: 'info',
  timestamp: '11-10-2021, 10:31:09'
}
{
  level: 'info',
  message: 'Example app listening at http://%s:%s',
  timestamp: '11-10-2021, 10:31:31'
}
{
  message: 'Successfully connected to the database',
  level: 'info',
  timestamp: '11-10-2021, 10:31:32'
}
{
  level: 'info',
  message: 'Example app listening at http://%s:%s',
  timestamp: '11-10-2021, 10:32:39'
}
{
  message: 'Successfully connected to the database',
  level: 'info',
  timestamp: '11-10-2021, 10:32:39'
}
{
  level: 'info',
  message: 'Example app listening at http://%s:%s',
  timestamp: '11-10-2021, 10:33:06'
}
{
  message: 'Successfully connected to the database',
  level: 'info',
  timestamp: '11-10-2021, 10:33:06'
}
{
  level: 'info',
  message: 'Example app listening at http://%s:%s',
  timestamp: '11-10-2021, 10:34:07'
}
{
  message: 'Successfully connected to the database',
  level: 'info',
  timestamp: '11-10-2021, 10:34:07'
}
{
  level: 'info',
  message: 'Example app listening at http://%s:%s',
  timestamp: '11-10-2021, 10:36:32'
}
{
  message: 'Successfully connected to the database',
  level: 'info',
  timestamp: '11-10-2021, 10:36:32'
}
{
  level: 'info',
  message: 'Example app listening at http://%s:%s',
  timestamp: '11-10-2021, 10:44:14'
}
{
  message: 'Successfully connected to the database',
  level: 'info',
  timestamp: '11-10-2021, 10:44:14'
}
{
  level: 'info',
  message: 'Example app listening at http://%s:%s',
  timestamp: '11-10-2021, 10:45:43'
}
{
  message: 'Successfully connected to the database',
  level: 'info',
  timestamp: '11-10-2021, 10:45:43'
}
{
  level: 'info',
  message: 'Example app listening at http://%s:%s',
  timestamp: '11-10-2021, 10:46:58'
}
{
  message: 'Successfully connected to the database',
  level: 'info',
  timestamp: '11-10-2021, 10:46:58'
}
{
  level: 'info',
  message: 'Example app listening at http://%s:%s',
  timestamp: '11-10-2021, 10:47:22'
}
{
  message: 'Successfully connected to the database',
  level: 'info',
  timestamp: '11-10-2021, 10:47:22'
}
{
  level: 'info',
  message: 'Example app listening at http://%s:%s',
  timestamp: '11-10-2021, 10:47:45'
}
{
  message: 'Successfully connected to the database',
  level: 'info',
  timestamp: '11-10-2021, 10:47:45'
}
{
  level: 'info',
  message: 'Example app listening at http://%s:%s',
  timestamp: '11-10-2021, 10:47:55'
}
{
  message: 'Successfully connected to the database',
  level: 'info',
  timestamp: '11-10-2021, 10:47:55'
}
{
  level: 'info',
  message: 'Example app listening at http://%s:%s',
  timestamp: '11-10-2021, 10:48:15'
}
{
  message: 'Successfully connected to the database',
  level: 'info',
  timestamp: '11-10-2021, 10:48:16'
}
{
  level: 'info',
  message: 'Example app listening at http://%s:%s',
  timestamp: '11-10-2021, 10:48:34'
}
{
  message: 'Successfully connected to the database',
  level: 'info',
  timestamp: '11-10-2021, 10:48:34'
}
{
  level: 'info',
  message: 'Example app listening at http://%s:%s',
  timestamp: '11-10-2021, 10:49:00'
}
{
  message: 'Successfully connected to the database',
  level: 'info',
  timestamp: '11-10-2021, 10:49:00'
}
{
  level: 'info',
  message: 'Example app listening at http://%s:%s',
  timestamp: '11-10-2021, 10:51:05'
}
{
  message: 'Successfully connected to the database',
  level: 'info',
  timestamp: '11-10-2021, 10:51:05'
}
{
  level: 'info',
  message: 'Example app listening at http://%s:%s',
  timestamp: '11-10-2021, 10:53:55'
}
{
  message: 'Successfully connected to the database',
  level: 'info',
  timestamp: '11-10-2021, 10:53:55'
}
{
  level: 'info',
  message: 'Example app listening at http://%s:%s',
  timestamp: '11-10-2021, 10:55:18'
}
{
  message: 'Successfully connected to the database',
  level: 'info',
  timestamp: '11-10-2021, 10:55:18'
}
{
  level: 'info',
  message: 'Example app listening at http://%s:%s',
  timestamp: '11-10-2021, 10:56:08'
}
{
  message: 'Successfully connected to the database',
  level: 'info',
  timestamp: '11-10-2021, 10:56:08'
}
{
  level: 'info',
  message: 'Example app listening at http://%s:%s',
  timestamp: '11-10-2021, 10:56:18'
}
{
  message: 'Successfully connected to the database',
  level: 'info',
  timestamp: '11-10-2021, 10:56:18'
}
{
  level: 'info',
  message: 'Example app listening at http://%s:%s',
  timestamp: '11-10-2021, 11:51:06'
}
{
  message: 'Successfully connected to the database',
  level: 'info',
  timestamp: '11-10-2021, 11:51:06'
}
{
  level: 'info',
  message: 'Example app listening at http://%s:%s',
  timestamp: '11-10-2021, 11:55:39'
}
{
  message: 'Successfully connected to the database',
  level: 'info',
  timestamp: '11-10-2021, 11:55:39'
}
{
  level: 'info',
  message: 'Example app listening at http://%s:%s',
  timestamp: '11-10-2021, 11:57:22'
}
{
  message: 'Successfully connected to the database',
  level: 'info',
  timestamp: '11-10-2021, 11:57:22'
}
{
  level: 'info',
  message: 'Example app listening at http://%s:%s',
  timestamp: '11-10-2021, 12:08:12'
}
{
  message: 'Successfully connected to the database',
  level: 'info',
  timestamp: '11-10-2021, 12:08:12'
}
{
  level: 'info',
  message: 'Example app listening at http://%s:%s',
  timestamp: '11-10-2021, 13:59:33'
}
{
  message: 'Successfully connected to the database',
  level: 'info',
  timestamp: '11-10-2021, 13:59:33'
}
{
  level: 'info',
  message: 'Example app listening at http://%s:%s',
  timestamp: '11-10-2021, 14:12:14'
}
{
  message: 'Successfully connected to the database',
  level: 'info',
  timestamp: '11-10-2021, 14:12:15'
}
{
  level: 'info',
  message: 'Example app listening at http://%s:%s',
  timestamp: '11-10-2021, 15:00:26'
}
{
  message: 'Successfully connected to the database',
  level: 'info',
  timestamp: '11-10-2021, 15:00:26'
}
{
  level: 'info',
  message: 'Example app listening at http://%s:%s',
  timestamp: '11-10-2021, 15:04:08'
}
{
  message: 'Successfully connected to the database',
  level: 'info',
  timestamp: '11-10-2021, 15:04:08'
}
{
  level: 'info',
  message: 'Example app listening at http://%s:%s',
  timestamp: '11-10-2021, 15:04:28'
}
{
  message: 'Successfully connected to the database',
  level: 'info',
  timestamp: '11-10-2021, 15:04:28'
}
{
  level: 'info',
  message: 'Example app listening at http://%s:%s',
  timestamp: '11-10-2021, 15:05:20'
}
{
  message: 'Successfully connected to the database',
  level: 'info',
  timestamp: '11-10-2021, 15:05:20'
}
{
  level: 'info',
  message: 'Example app listening at http://%s:%s',
  timestamp: '11-10-2021, 15:07:50'
}
{
  message: 'Successfully connected to the database',
  level: 'info',
  timestamp: '11-10-2021, 15:07:50'
}
{
  level: 'info',
  message: 'Example app listening at http://%s:%s',
  timestamp: '11-10-2021, 15:08:00'
}
{
  message: 'Successfully connected to the database',
  level: 'info',
  timestamp: '11-10-2021, 15:08:00'
}
{
  level: 'info',
  message: 'Example app listening at http://%s:%s',
  timestamp: '11-10-2021, 15:09:35'
}
{
  message: 'Successfully connected to the database',
  level: 'info',
  timestamp: '11-10-2021, 15:09:35'
}
{
  level: 'info',
  message: 'Example app listening at http://%s:%s',
  timestamp: '11-10-2021, 15:13:24'
}
{
  message: 'Successfully connected to the database',
  level: 'info',
  timestamp: '11-10-2021, 15:13:24'
}
{
  level: 'info',
  message: 'Example app listening at http://%s:%s',
  timestamp: '11-10-2021, 15:14:16'
}
{
  message: 'Successfully connected to the database',
  level: 'info',
  timestamp: '11-10-2021, 15:14:16'
}
{
  level: 'info',
  message: 'Example app listening at http://%s:%s',
  timestamp: '11-10-2021, 15:14:51'
}
{
  message: 'Successfully connected to the database',
  level: 'info',
  timestamp: '11-10-2021, 15:14:52'
}
{
  level: 'info',
  message: 'Example app listening at http://%s:%s',
  timestamp: '11-10-2021, 15:15:26'
}
{
  message: 'Successfully connected to the database',
  level: 'info',
  timestamp: '11-10-2021, 15:15:26'
}
{
  level: 'info',
  message: 'Example app listening at http://%s:%s',
  timestamp: '11-10-2021, 15:17:56'
}
{
  message: 'Successfully connected to the database',
  level: 'info',
  timestamp: '11-10-2021, 15:17:56'
}
{
  level: 'info',
  message: 'Example app listening at http://%s:%s',
  timestamp: '11-10-2021, 15:18:35'
}
{
  message: 'Successfully connected to the database',
  level: 'info',
  timestamp: '11-10-2021, 15:18:35'
}
{
  level: 'info',
  message: 'Example app listening at http://%s:%s',
  timestamp: '11-10-2021, 15:19:48'
}
{
  message: 'Successfully connected to the database',
  level: 'info',
  timestamp: '11-10-2021, 15:19:48'
}
{
  level: 'info',
  message: 'Example app listening at http://%s:%s',
  timestamp: '11-10-2021, 15:22:55'
}
{
  message: 'Successfully connected to the database',
  level: 'info',
  timestamp: '11-10-2021, 15:22:55'
}
{
  level: 'info',
  message: 'Example app listening at http://%s:%s',
  timestamp: '11-10-2021, 16:09:55'
}
{
  message: 'Successfully connected to the database',
  level: 'info',
  timestamp: '11-10-2021, 16:09:55'
}
{
  level: 'info',
  message: 'Example app listening at http://%s:%s',
  timestamp: '11-10-2021, 16:10:23'
}
{
  message: 'Successfully connected to the database',
  level: 'info',
  timestamp: '11-10-2021, 16:10:23'
}
{
  level: 'info',
  message: 'Example app listening at http://%s:%s',
  timestamp: '11-10-2021, 16:10:41'
}
{
  message: 'Successfully connected to the database',
  level: 'info',
  timestamp: '11-10-2021, 16:10:41'
}
{
  level: 'info',
  message: 'Example app listening at http://%s:%s',
  timestamp: '11-10-2021, 16:11:16'
}
{
  message: 'Successfully connected to the database',
  level: 'info',
  timestamp: '11-10-2021, 16:11:16'
}
{
  level: 'info',
  message: 'Example app listening at http://%s:%s',
  timestamp: '11-10-2021, 16:11:41'
}
{
  message: 'Successfully connected to the database',
  level: 'info',
  timestamp: '11-10-2021, 16:11:42'
}
{
  level: 'info',
  message: 'Example app listening at http://%s:%s',
  timestamp: '11-10-2021, 16:11:49'
}
{
  message: 'Successfully connected to the database',
  level: 'info',
  timestamp: '11-10-2021, 16:11:49'
}
{
  level: 'info',
  message: 'Example app listening at http://%s:%s',
  timestamp: '11-10-2021, 17:05:32'
}
{
  message: 'Successfully connected to the database',
  level: 'info',
  timestamp: '11-10-2021, 17:05:33'
}
{
  level: 'info',
  message: 'Example app listening at http://%s:%s',
  timestamp: '11-10-2021, 17:06:42'
}
{
  message: 'Successfully connected to the database',
  level: 'info',
  timestamp: '11-10-2021, 17:06:42'
}
{
  level: 'info',
  message: 'Example app listening at http://%s:%s',
  timestamp: '11-10-2021, 17:08:35'
}
{
  message: 'Successfully connected to the database',
  level: 'info',
  timestamp: '11-10-2021, 17:08:35'
}
{
  level: 'info',
  message: 'Example app listening at http://%s:%s',
  timestamp: '11-10-2021, 17:10:52'
}
{
  message: 'Successfully connected to the database',
  level: 'info',
  timestamp: '11-10-2021, 17:10:52'
}
{
  level: 'info',
  message: 'Example app listening at http://%s:%s',
  timestamp: '11-10-2021, 17:17:02'
}
{
  message: 'Successfully connected to the database',
  level: 'info',
  timestamp: '11-10-2021, 17:17:02'
}
{
  level: 'info',
  message: 'Example app listening at http://%s:%s',
  timestamp: '11-10-2021, 17:18:40'
}
{
  message: 'Successfully connected to the database',
  level: 'info',
  timestamp: '11-10-2021, 17:18:40'
}
{
  level: 'info',
  message: 'Example app listening at http://%s:%s',
  timestamp: '11-10-2021, 17:24:58'
}
{
  message: 'Successfully connected to the database',
  level: 'info',
  timestamp: '11-10-2021, 17:24:58'
}
{
  level: 'info',
  message: 'Example app listening at http://%s:%s',
  timestamp: '11-10-2021, 17:25:40'
}
{
  message: 'Successfully connected to the database',
  level: 'info',
  timestamp: '11-10-2021, 17:25:40'
}
{
  level: 'info',
  message: 'Example app listening at http://%s:%s',
  timestamp: '11-10-2021, 17:25:48'
}
{
  message: 'Successfully connected to the database',
  level: 'info',
  timestamp: '11-10-2021, 17:25:48'
}
{
  level: 'info',
  message: 'Example app listening at http://%s:%s',
  timestamp: '11-10-2021, 17:26:07'
}
{
  message: 'Successfully connected to the database',
  level: 'info',
  timestamp: '11-10-2021, 17:26:07'
}
{
  level: 'info',
  message: 'Example app listening at http://%s:%s',
  timestamp: '11-10-2021, 17:30:49'
}
{
  message: 'Successfully connected to the database',
  level: 'info',
  timestamp: '11-10-2021, 17:30:49'
}
{
  level: 'info',
  message: 'Example app listening at http://%s:%s',
  timestamp: '11-10-2021, 17:31:06'
}
{
  message: 'Successfully connected to the database',
  level: 'info',
  timestamp: '11-10-2021, 17:31:06'
}
{
  level: 'info',
  message: 'Example app listening at http://%s:%s',
  timestamp: '11-10-2021, 17:35:35'
}
{
  message: 'Successfully connected to the database',
  level: 'info',
  timestamp: '11-10-2021, 17:35:35'
}
{
  level: 'info',
  message: 'Example app listening at http://%s:%s',
  timestamp: '11-10-2021, 17:36:29'
}
{
  message: 'Successfully connected to the database',
  level: 'info',
  timestamp: '11-10-2021, 17:36:29'
}
{
  level: 'info',
  message: 'Example app listening at http://%s:%s',
  timestamp: '11-10-2021, 17:54:25'
}
{
  message: 'Successfully connected to the database',
  level: 'info',
  timestamp: '11-10-2021, 17:54:25'
}
{
  level: 'info',
  message: 'Example app listening at http://%s:%s',
  timestamp: '11-10-2021, 17:59:07'
}
{
  message: 'Successfully connected to the database',
  level: 'info',
  timestamp: '11-10-2021, 17:59:07'
}
{
  level: 'info',
  message: 'Example app listening at http://%s:%s',
  timestamp: '11-10-2021, 17:59:38'
}
{
  message: 'Successfully connected to the database',
  level: 'info',
  timestamp: '11-10-2021, 17:59:38'
}
{
  level: 'info',
  message: 'Example app listening at http://%s:%s',
  timestamp: '11-10-2021, 18:06:29'
}
{
  message: 'Successfully connected to the database',
  level: 'info',
  timestamp: '11-10-2021, 18:06:29'
}
{
  level: 'info',
  message: 'Example app listening at http://%s:%s',
  timestamp: '11-10-2021, 18:29:40'
}
{
  message: 'Successfully connected to the database',
  level: 'info',
  timestamp: '11-10-2021, 18:29:40'
}
{
  level: 'info',
  message: 'Example app listening at http://%s:%s',
  timestamp: '11-10-2021, 18:29:47'
}
{
  message: 'Successfully connected to the database',
  level: 'info',
  timestamp: '11-10-2021, 18:29:47'
}
{
  level: 'info',
  message: 'Example app listening at http://%s:%s',
  timestamp: '11-10-2021, 18:31:34'
}
{
  message: 'Successfully connected to the database',
  level: 'info',
  timestamp: '11-10-2021, 18:31:34'
}
{
  level: 'info',
  message: 'Example app listening at http://%s:%s',
  timestamp: '11-10-2021, 18:55:10'
}
{
  message: 'Successfully connected to the database',
  level: 'info',
  timestamp: '11-10-2021, 18:55:10'
}
{
  level: 'info',
  message: 'Example app listening at http://%s:%s',
  timestamp: '11-10-2021, 19:02:15'
}
{
  message: 'Successfully connected to the database',
  level: 'info',
  timestamp: '11-10-2021, 19:02:15'
}
{
  level: 'info',
  message: 'Example app listening at http://%s:%s',
  timestamp: '11-10-2021, 19:02:20'
}
{
  message: 'Successfully connected to the database',
  level: 'info',
  timestamp: '11-10-2021, 19:02:20'
}
